Release 14.7 - xst P.20131013 (nt64)
Copyright (c) 1995-2013 Xilinx, Inc.  All rights reserved.
--> Parameter TMPDIR set to xst/projnav.tmp


Total REAL time to Xst completion: 0.00 secs
Total CPU time to Xst completion: 0.06 secs
 
--> Parameter xsthdpdir set to xst


Total REAL time to Xst completion: 0.00 secs
Total CPU time to Xst completion: 0.06 secs
 
--> Reading design: Examen.prj

TABLE OF CONTENTS
  1) Synthesis Options Summary
  2) HDL Parsing
  3) HDL Elaboration
  4) HDL Synthesis
       4.1) HDL Synthesis Report
  5) Advanced HDL Synthesis
       5.1) Advanced HDL Synthesis Report
  6) Low Level Synthesis
  7) Partition Report
  8) Design Summary
       8.1) Primitive and Black Box Usage
       8.2) Device utilization summary
       8.3) Partition Resource Summary
       8.4) Timing Report
            8.4.1) Clock Information
            8.4.2) Asynchronous Control Signals Information
            8.4.3) Timing Summary
            8.4.4) Timing Details
            8.4.5) Cross Clock Domains Report


=========================================================================
*                      Synthesis Options Summary                        *
=========================================================================
---- Source Parameters
Input File Name                    : "Examen.prj"
Ignore Synthesis Constraint File   : NO

---- Target Parameters
Output File Name                   : "Examen"
Output Format                      : NGC
Target Device                      : xc6slx16-3-csg324

---- Source Options
Top Module Name                    : Examen
Automatic FSM Extraction           : YES
FSM Encoding Algorithm             : Auto
Safe Implementation                : No
FSM Style                          : LUT
RAM Extraction                     : Yes
RAM Style                          : Auto
ROM Extraction                     : Yes
Shift Register Extraction          : YES
ROM Style                          : Auto
Resource Sharing                   : YES
Asynchronous To Synchronous        : NO
Shift Register Minimum Size        : 2
Use DSP Block                      : Auto
Automatic Register Balancing       : No

---- Target Options
LUT Combining                      : Auto
Reduce Control Sets                : Auto
Add IO Buffers                     : YES
Global Maximum Fanout              : 100000
Add Generic Clock Buffer(BUFG)     : 16
Register Duplication               : YES
Optimize Instantiated Primitives   : NO
Use Clock Enable                   : Auto
Use Synchronous Set                : Auto
Use Synchronous Reset              : Auto
Pack IO Registers into IOBs        : Auto
Equivalent register Removal        : YES

---- General Options
Optimization Goal                  : Speed
Optimization Effort                : 1
Power Reduction                    : NO
Keep Hierarchy                     : No
Netlist Hierarchy                  : As_Optimized
RTL Output                         : Yes
Global Optimization                : AllClockNets
Read Cores                         : YES
Write Timing Constraints           : NO
Cross Clock Analysis               : NO
Hierarchy Separator                : /
Bus Delimiter                      : <>
Case Specifier                     : Maintain
Slice Utilization Ratio            : 100
BRAM Utilization Ratio             : 100
DSP48 Utilization Ratio            : 100
Auto BRAM Packing                  : NO
Slice Utilization Ratio Delta      : 5

=========================================================================


=========================================================================
*                          HDL Parsing                                  *
=========================================================================
Parsing VHDL file "C:\Users\Anselmo-PC\Documents\Vhdl\Exa2\siete_segmentos_mux.vhd" into library work
Parsing entity <siete_segmentos_mux>.
Parsing architecture <Behavioral> of entity <siete_segmentos_mux>.
Parsing VHDL file "C:\Users\Anselmo-PC\Documents\Vhdl\Exa2\siete_segmentos.vhd" into library work
Parsing entity <siete_segmentos>.
Parsing architecture <Behavioral> of entity <siete_segmentos>.
Parsing VHDL file "C:\Users\Anselmo-PC\Documents\Vhdl\Exa2\clk200Hz.vhd" into library work
Parsing entity <clk200Hz>.
Parsing architecture <Behavioral> of entity <clk200hz>.
Parsing VHDL file "C:\Users\Anselmo-PC\Documents\Vhdl\Exa2\Examen.vhd" into library work
Parsing entity <Examen>.
Parsing architecture <Arq_Examen> of entity <examen>.

=========================================================================
*                            HDL Elaboration                            *
=========================================================================

Elaborating entity <Examen> (architecture <Arq_Examen>) from library <work>.

Elaborating entity <clk200Hz> (architecture <Behavioral>) from library <work>.

Elaborating entity <siete_segmentos_mux> (architecture <Behavioral>) from library <work>.

Elaborating entity <siete_segmentos> (architecture <Behavioral>) from library <work>.

=========================================================================
*                           HDL Synthesis                               *
=========================================================================

Synthesizing Unit <Examen>.
    Related source file is "C:\Users\Anselmo-PC\Documents\Vhdl\Exa2\Examen.vhd".
WARNING:Xst:647 - Input <D0> is never used. This port will be preserved and left unconnected if it belongs to a top-level block or it belongs to a sub-block and the hierarchy of this sub-block is preserved.
WARNING:Xst:647 - Input <D1> is never used. This port will be preserved and left unconnected if it belongs to a top-level block or it belongs to a sub-block and the hierarchy of this sub-block is preserved.
WARNING:Xst:647 - Input <D2> is never used. This port will be preserved and left unconnected if it belongs to a top-level block or it belongs to a sub-block and the hierarchy of this sub-block is preserved.
WARNING:Xst:647 - Input <D3> is never used. This port will be preserved and left unconnected if it belongs to a top-level block or it belongs to a sub-block and the hierarchy of this sub-block is preserved.
    Summary:
	no macro.
Unit <Examen> synthesized.

Synthesizing Unit <clk200Hz>.
    Related source file is "C:\Users\Anselmo-PC\Documents\Vhdl\Exa2\clk200Hz.vhd".
    Found 17-bit register for signal <contador>.
    Found 1-bit register for signal <temporal>.
    Found 17-bit adder for signal <contador[16]_GND_6_o_add_1_OUT> created at line 25.
    Summary:
	inferred   1 Adder/Subtractor(s).
	inferred  18 D-type flip-flop(s).
	inferred   1 Multiplexer(s).
Unit <clk200Hz> synthesized.

Synthesizing Unit <siete_segmentos_mux>.
    Related source file is "C:\Users\Anselmo-PC\Documents\Vhdl\Exa2\siete_segmentos_mux.vhd".
    Found 6-bit register for signal <salida>.
    Found 4-bit register for signal <MUX>.
    Found 3-bit register for signal <estado>.
    Found finite state machine <FSM_0> for signal <estado>.
    -----------------------------------------------------------------------
    | States             | 5                                              |
    | Transitions        | 5                                              |
    | Inputs             | 0                                              |
    | Outputs            | 6                                              |
    | Clock              | clk (rising_edge)                              |
    | Reset              | reset (positive)                               |
    | Reset type         | asynchronous                                   |
    | Reset State        | rst                                            |
    | Power Up State     | rst                                            |
    | Encoding           | auto                                           |
    | Implementation     | LUT                                            |
    -----------------------------------------------------------------------
    Summary:
	inferred  10 D-type flip-flop(s).
	inferred   1 Finite State Machine(s).
Unit <siete_segmentos_mux> synthesized.

Synthesizing Unit <siete_segmentos>.
    Related source file is "C:\Users\Anselmo-PC\Documents\Vhdl\Exa2\siete_segmentos.vhd".
    Found 64x8-bit Read Only RAM for signal <salida>
    Summary:
	inferred   1 RAM(s).
Unit <siete_segmentos> synthesized.

=========================================================================
HDL Synthesis Report

Macro Statistics
# RAMs                                                 : 1
 64x8-bit single-port Read Only RAM                    : 1
# Adders/Subtractors                                   : 1
 17-bit adder                                          : 1
# Registers                                            : 4
 1-bit register                                        : 1
 17-bit register                                       : 1
 4-bit register                                        : 1
 6-bit register                                        : 1
# Multiplexers                                         : 1
 17-bit 2-to-1 multiplexer                             : 1
# FSMs                                                 : 1

=========================================================================

=========================================================================
*                       Advanced HDL Synthesis                          *
=========================================================================

INFO:Xst:2261 - The FF/Latch <salida_2> in Unit <mux_i> is equivalent to the following 3 FFs/Latches, which will be removed : <salida_3> <salida_4> <salida_5> 

Synthesizing (advanced) Unit <clk200Hz>.
The following registers are absorbed into counter <contador>: 1 register on signal <contador>.
Unit <clk200Hz> synthesized (advanced).

Synthesizing (advanced) Unit <siete_segmentos>.
INFO:Xst:3218 - HDL ADVISOR - The RAM <Mram_salida> will be implemented on LUTs either because you have described an asynchronous read or because of currently unsupported block RAM features. If you have described an asynchronous read, making it synchronous would allow you to take advantage of available block RAM resources, for optimized device usage and improved timings. Please refer to your documentation for coding guidelines.
    -----------------------------------------------------------------------
    | ram_type           | Distributed                         |          |
    -----------------------------------------------------------------------
    | Port A                                                              |
    |     aspect ratio   | 64-word x 8-bit                     |          |
    |     weA            | connected to signal <GND>           | high     |
    |     addrA          | connected to signal <entrada>       |          |
    |     diA            | connected to signal <GND>           |          |
    |     doA            | connected to signal <salida>        |          |
    -----------------------------------------------------------------------
Unit <siete_segmentos> synthesized (advanced).

=========================================================================
Advanced HDL Synthesis Report

Macro Statistics
# RAMs                                                 : 1
 64x8-bit single-port distributed Read Only RAM        : 1
# Counters                                             : 1
 17-bit up counter                                     : 1
# Registers                                            : 11
 Flip-Flops                                            : 11
# FSMs                                                 : 1

=========================================================================

=========================================================================
*                         Low Level Synthesis                           *
=========================================================================
INFO:Xst:2261 - The FF/Latch <salida_2> in Unit <siete_segmentos_mux> is equivalent to the following 3 FFs/Latches, which will be removed : <salida_3> <salida_4> <salida_5> 
Analyzing FSM <MFsm> for best encoding.
Optimizing FSM <mux_i/FSM_0> on signal <estado[1:5]> with one-hot encoding.
-------------------
 State | Encoding
-------------------
 rst   | 00001
 v0    | 00010
 v1    | 00100
 v2    | 01000
 v3    | 10000
-------------------
INFO:Xst:2261 - The FF/Latch <estado_FSM_FFd5> in Unit <siete_segmentos_mux> is equivalent to the following FF/Latch, which will be removed : <salida_2> 

Optimizing unit <Examen> ...

Optimizing unit <siete_segmentos_mux> ...

Mapping all equations...
Building and optimizing final netlist ...
Found area constraint ratio of 100 (+ 5) on block Examen, actual ratio is 0.

Final Macro Processing ...

=========================================================================
Final Register Report

Macro Statistics
# Registers                                            : 29
 Flip-Flops                                            : 29

=========================================================================

=========================================================================
*                           Partition Report                            *
=========================================================================

Partition Implementation Status
-------------------------------

  No Partitions were found in this design.

-------------------------------

=========================================================================
*                            Design Summary                             *
=========================================================================

Top Level Output File Name         : Examen.ngc

Primitive and Black Box Usage:
------------------------------
# BELS                             : 88
#      GND                         : 1
#      INV                         : 4
#      LUT1                        : 16
#      LUT2                        : 3
#      LUT3                        : 1
#      LUT4                        : 1
#      LUT5                        : 1
#      LUT6                        : 27
#      MUXCY                       : 16
#      VCC                         : 1
#      XORCY                       : 17
# FlipFlops/Latches                : 29
#      FDC                         : 22
#      FDP                         : 7
# Clock Buffers                    : 1
#      BUFGP                       : 1
# IO Buffers                       : 13
#      IBUF                        : 1
#      OBUF                        : 12

Device utilization summary:
---------------------------

Selected Device : 6slx16csg324-3 


Slice Logic Utilization: 
 Number of Slice Registers:              29  out of  18224     0%  
 Number of Slice LUTs:                   53  out of   9112     0%  
    Number used as Logic:                53  out of   9112     0%  

Slice Logic Distribution: 
 Number of LUT Flip Flop pairs used:     57
   Number with an unused Flip Flop:      28  out of     57    49%  
   Number with an unused LUT:             4  out of     57     7%  
   Number of fully used LUT-FF pairs:    25  out of     57    43%  
   Number of unique control sets:         2

IO Utilization: 
 Number of IOs:                          38
 Number of bonded IOBs:                  14  out of    232     6%  

Specific Feature Utilization:
 Number of BUFG/BUFGCTRLs:                1  out of     16     6%  

---------------------------
Partition Resource Summary:
---------------------------

  No Partitions were found in this design.

---------------------------


=========================================================================
Timing Report

NOTE: THESE TIMING NUMBERS ARE ONLY A SYNTHESIS ESTIMATE.
      FOR ACCURATE TIMING INFORMATION PLEASE REFER TO THE TRACE REPORT
      GENERATED AFTER PLACE-and-ROUTE.

Clock Information:
------------------
-----------------------------------+----------------------------+-------+
Clock Signal                       | Clock buffer(FF name)      | Load  |
-----------------------------------+----------------------------+-------+
clk                                | BUFGP                      | 18    |
clk_i/temporal                     | NONE(mux_i/estado_FSM_FFd1)| 11    |
-----------------------------------+----------------------------+-------+
INFO:Xst:2169 - HDL ADVISOR - Some clock signals were not automatically buffered by XST with BUFG/BUFR resources. Please use the buffer_type constraint in order to insert these buffers to the clock signals to help prevent skew problems.

Asynchronous Control Signals Information:
----------------------------------------
No asynchronous control signals found in this design

Timing Summary:
---------------
Speed Grade: -3

   Minimum period: 3.210ns (Maximum Frequency: 311.541MHz)
   Minimum input arrival time before clock: 2.901ns
   Maximum output required time after clock: 5.470ns
   Maximum combinational path delay: No path found

Timing Details:
---------------
All values displayed in nanoseconds (ns)

=========================================================================
Timing constraint: Default period analysis for Clock 'clk'
  Clock period: 3.210ns (frequency: 311.541MHz)
  Total number of paths / destination ports: 460 / 18
-------------------------------------------------------------------------
Delay:               3.210ns (Levels of Logic = 17)
  Source:            clk_i/contador_2 (FF)
  Destination:       clk_i/contador_16 (FF)
  Source Clock:      clk rising
  Destination Clock: clk rising

  Data Path: clk_i/contador_2 to clk_i/contador_16
                                Gate     Net
    Cell:in->out      fanout   Delay   Delay  Logical Name (Net Name)
    ----------------------------------------  ------------
     FDC:C->Q             19   0.447   1.072  clk_i/contador_2 (clk_i/contador_2)
     LUT1:I0->O            1   0.205   0.000  clk_i/Mcount_contador_cy<2>_rt (clk_i/Mcount_contador_cy<2>_rt)
     MUXCY:S->O            1   0.172   0.000  clk_i/Mcount_contador_cy<2> (clk_i/Mcount_contador_cy<2>)
     MUXCY:CI->O           1   0.019   0.000  clk_i/Mcount_contador_cy<3> (clk_i/Mcount_contador_cy<3>)
     MUXCY:CI->O           1   0.019   0.000  clk_i/Mcount_contador_cy<4> (clk_i/Mcount_contador_cy<4>)
     MUXCY:CI->O           1   0.019   0.000  clk_i/Mcount_contador_cy<5> (clk_i/Mcount_contador_cy<5>)
     MUXCY:CI->O           1   0.019   0.000  clk_i/Mcount_contador_cy<6> (clk_i/Mcount_contador_cy<6>)
     MUXCY:CI->O           1   0.019   0.000  clk_i/Mcount_contador_cy<7> (clk_i/Mcount_contador_cy<7>)
     MUXCY:CI->O           1   0.019   0.000  clk_i/Mcount_contador_cy<8> (clk_i/Mcount_contador_cy<8>)
     MUXCY:CI->O           1   0.019   0.000  clk_i/Mcount_contador_cy<9> (clk_i/Mcount_contador_cy<9>)
     MUXCY:CI->O           1   0.019   0.000  clk_i/Mcount_contador_cy<10> (clk_i/Mcount_contador_cy<10>)
     MUXCY:CI->O           1   0.019   0.000  clk_i/Mcount_contador_cy<11> (clk_i/Mcount_contador_cy<11>)
     MUXCY:CI->O           1   0.019   0.000  clk_i/Mcount_contador_cy<12> (clk_i/Mcount_contador_cy<12>)
     MUXCY:CI->O           1   0.019   0.000  clk_i/Mcount_contador_cy<13> (clk_i/Mcount_contador_cy<13>)
     MUXCY:CI->O           1   0.019   0.000  clk_i/Mcount_contador_cy<14> (clk_i/Mcount_contador_cy<14>)
     MUXCY:CI->O           0   0.019   0.000  clk_i/Mcount_contador_cy<15> (clk_i/Mcount_contador_cy<15>)
     XORCY:CI->O           1   0.180   0.580  clk_i/Mcount_contador_xor<16> (Result<16>)
     LUT6:I5->O            1   0.205   0.000  clk_i/Mcount_contador_eqn_161 (clk_i/Mcount_contador_eqn_16)
     FDC:D                     0.102          clk_i/contador_16
    ----------------------------------------
    Total                      3.210ns (1.558ns logic, 1.652ns route)
                                       (48.5% logic, 51.5% route)

=========================================================================
Timing constraint: Default period analysis for Clock 'clk_i/temporal'
  Clock period: 2.060ns (frequency: 485.344MHz)
  Total number of paths / destination ports: 15 / 10
-------------------------------------------------------------------------
Delay:               2.060ns (Levels of Logic = 1)
  Source:            mux_i/estado_FSM_FFd5 (FF)
  Destination:       mux_i/estado_FSM_FFd4 (FF)
  Source Clock:      clk_i/temporal rising
  Destination Clock: clk_i/temporal rising

  Data Path: mux_i/estado_FSM_FFd5 to mux_i/estado_FSM_FFd4
                                Gate     Net
    Cell:in->out      fanout   Delay   Delay  Logical Name (Net Name)
    ----------------------------------------  ------------
     FDP:C->Q             33   0.447   1.306  mux_i/estado_FSM_FFd5 (mux_i/estado_FSM_FFd5)
     LUT2:I1->O            1   0.205   0.000  mux_i/estado_FSM_FFd4-In1 (mux_i/estado_FSM_FFd4-In)
     FDC:D                     0.102          mux_i/estado_FSM_FFd4
    ----------------------------------------
    Total                      2.060ns (0.754ns logic, 1.306ns route)
                                       (36.6% logic, 63.4% route)

=========================================================================
Timing constraint: Default OFFSET IN BEFORE for Clock 'clk'
  Total number of paths / destination ports: 18 / 18
-------------------------------------------------------------------------
Offset:              2.901ns (Levels of Logic = 1)
  Source:            reset (PAD)
  Destination:       clk_i/contador_0 (FF)
  Destination Clock: clk rising

  Data Path: reset to clk_i/contador_0
                                Gate     Net
    Cell:in->out      fanout   Delay   Delay  Logical Name (Net Name)
    ----------------------------------------  ------------
     IBUF:I->O            29   1.222   1.249  reset_IBUF (reset_IBUF)
     FDC:CLR                   0.430          clk_i/contador_0
    ----------------------------------------
    Total                      2.901ns (1.652ns logic, 1.249ns route)
                                       (57.0% logic, 43.0% route)

=========================================================================
Timing constraint: Default OFFSET IN BEFORE for Clock 'clk_i/temporal'
  Total number of paths / destination ports: 11 / 11
-------------------------------------------------------------------------
Offset:              2.901ns (Levels of Logic = 1)
  Source:            reset (PAD)
  Destination:       mux_i/estado_FSM_FFd1 (FF)
  Destination Clock: clk_i/temporal rising

  Data Path: reset to mux_i/estado_FSM_FFd1
                                Gate     Net
    Cell:in->out      fanout   Delay   Delay  Logical Name (Net Name)
    ----------------------------------------  ------------
     IBUF:I->O            29   1.222   1.249  reset_IBUF (reset_IBUF)
     FDP:PRE                   0.430          mux_i/salida_0
    ----------------------------------------
    Total                      2.901ns (1.652ns logic, 1.249ns route)
                                       (57.0% logic, 43.0% route)

=========================================================================
Timing constraint: Default OFFSET OUT AFTER for Clock 'clk_i/temporal'
  Total number of paths / destination ports: 52 / 12
-------------------------------------------------------------------------
Offset:              5.470ns (Levels of Logic = 2)
  Source:            mux_i/estado_FSM_FFd5 (FF)
  Destination:       salida<7> (PAD)
  Source Clock:      clk_i/temporal rising

  Data Path: mux_i/estado_FSM_FFd5 to salida<7>
                                Gate     Net
    Cell:in->out      fanout   Delay   Delay  Logical Name (Net Name)
    ----------------------------------------  ------------
     FDP:C->Q             33   0.447   1.670  mux_i/estado_FSM_FFd5 (mux_i/estado_FSM_FFd5)
     LUT6:I0->O            1   0.203   0.579  seg_i/Mram_salida71 (salida_7_OBUF)
     OBUF:I->O                 2.571          salida_7_OBUF (salida<7>)
    ----------------------------------------
    Total                      5.470ns (3.221ns logic, 2.249ns route)
                                       (58.9% logic, 41.1% route)

=========================================================================

Cross Clock Domains Report:
--------------------------

Clock to Setup on destination clock clk
---------------+---------+---------+---------+---------+
               | Src:Rise| Src:Fall| Src:Rise| Src:Fall|
Source Clock   |Dest:Rise|Dest:Rise|Dest:Fall|Dest:Fall|
---------------+---------+---------+---------+---------+
clk            |    3.210|         |         |         |
---------------+---------+---------+---------+---------+

Clock to Setup on destination clock clk_i/temporal
---------------+---------+---------+---------+---------+
               | Src:Rise| Src:Fall| Src:Rise| Src:Fall|
Source Clock   |Dest:Rise|Dest:Rise|Dest:Fall|Dest:Fall|
---------------+---------+---------+---------+---------+
clk_i/temporal |    2.060|         |         |         |
---------------+---------+---------+---------+---------+

=========================================================================


Total REAL time to Xst completion: 3.00 secs
Total CPU time to Xst completion: 3.31 secs
 
--> 

Total memory usage is 296384 kilobytes

Number of errors   :    0 (   0 filtered)
Number of warnings :    4 (   0 filtered)
Number of infos    :    5 (   0 filtered)

