Release 14.7 - xst P.20131013 (nt64)
Copyright (c) 1995-2013 Xilinx, Inc.  All rights reserved.
--> Parameter TMPDIR set to xst/projnav.tmp


Total REAL time to Xst completion: 0.00 secs
Total CPU time to Xst completion: 0.06 secs
 
--> Parameter xsthdpdir set to xst


Total REAL time to Xst completion: 0.00 secs
Total CPU time to Xst completion: 0.06 secs
 
--> Reading design: Bomba.prj

TABLE OF CONTENTS
  1) Synthesis Options Summary
  2) HDL Parsing
  3) HDL Elaboration
  4) HDL Synthesis
       4.1) HDL Synthesis Report
  5) Advanced HDL Synthesis
       5.1) Advanced HDL Synthesis Report
  6) Low Level Synthesis
  7) Partition Report
  8) Design Summary
       8.1) Primitive and Black Box Usage
       8.2) Device utilization summary
       8.3) Partition Resource Summary
       8.4) Timing Report
            8.4.1) Clock Information
            8.4.2) Asynchronous Control Signals Information
            8.4.3) Timing Summary
            8.4.4) Timing Details
            8.4.5) Cross Clock Domains Report


=========================================================================
*                      Synthesis Options Summary                        *
=========================================================================
---- Source Parameters
Input File Name                    : "Bomba.prj"
Ignore Synthesis Constraint File   : NO

---- Target Parameters
Output File Name                   : "Bomba"
Output Format                      : NGC
Target Device                      : xc6slx16-3-csg324

---- Source Options
Top Module Name                    : Bomba
Automatic FSM Extraction           : YES
FSM Encoding Algorithm             : Auto
Safe Implementation                : No
FSM Style                          : LUT
RAM Extraction                     : Yes
RAM Style                          : Auto
ROM Extraction                     : Yes
Shift Register Extraction          : YES
ROM Style                          : Auto
Resource Sharing                   : YES
Asynchronous To Synchronous        : NO
Shift Register Minimum Size        : 2
Use DSP Block                      : Auto
Automatic Register Balancing       : No

---- Target Options
LUT Combining                      : Auto
Reduce Control Sets                : Auto
Add IO Buffers                     : YES
Global Maximum Fanout              : 100000
Add Generic Clock Buffer(BUFG)     : 16
Register Duplication               : YES
Optimize Instantiated Primitives   : NO
Use Clock Enable                   : Auto
Use Synchronous Set                : Auto
Use Synchronous Reset              : Auto
Pack IO Registers into IOBs        : Auto
Equivalent register Removal        : YES

---- General Options
Optimization Goal                  : Speed
Optimization Effort                : 1
Power Reduction                    : NO
Keep Hierarchy                     : No
Netlist Hierarchy                  : As_Optimized
RTL Output                         : Yes
Global Optimization                : AllClockNets
Read Cores                         : YES
Write Timing Constraints           : NO
Cross Clock Analysis               : NO
Hierarchy Separator                : /
Bus Delimiter                      : <>
Case Specifier                     : Maintain
Slice Utilization Ratio            : 100
BRAM Utilization Ratio             : 100
DSP48 Utilization Ratio            : 100
Auto BRAM Packing                  : NO
Slice Utilization Ratio Delta      : 5

=========================================================================


=========================================================================
*                          HDL Parsing                                  *
=========================================================================
Parsing VHDL file "C:\Users\Anselmo-PC\Documents\Vhdl\BombaAgua\Bomba.vhd" into library work
Parsing entity <Bomba>.
Parsing architecture <BombaArq> of entity <bomba>.

=========================================================================
*                            HDL Elaboration                            *
=========================================================================

Elaborating entity <Bomba> (architecture <BombaArq>) from library <work>.

=========================================================================
*                           HDL Synthesis                               *
=========================================================================

Synthesizing Unit <Bomba>.
    Related source file is "C:\Users\Anselmo-PC\Documents\Vhdl\BombaAgua\Bomba.vhd".
    Found 19-bit register for signal <cntM>.
    Found 2-bit register for signal <edoPresente>.
    Found 1-bit register for signal <ledM>.
    Found finite state machine <FSM_0> for signal <edoPresente>.
    -----------------------------------------------------------------------
    | States             | 4                                              |
    | Transitions        | 4                                              |
    | Inputs             | 0                                              |
    | Outputs            | 2                                              |
    | Clock              | ledM (rising_edge)                             |
    | Power Up State     | d0                                             |
    | Encoding           | auto                                           |
    | Implementation     | LUT                                            |
    -----------------------------------------------------------------------
    Found 19-bit adder for signal <cntM[0]_GND_5_o_add_4_OUT> created at line 38.
    Found 4x33-bit Read Only RAM for signal <_n0105>
    Found 2-bit 4-to-1 multiplexer for signal <tEstadoSiguiente> created at line 58.
    Found 8-bit 4-to-1 multiplexer for signal <dis0> created at line 14.
    Summary:
	inferred   1 RAM(s).
	inferred   1 Adder/Subtractor(s).
	inferred  20 D-type flip-flop(s).
	inferred   3 Multiplexer(s).
	inferred   1 Finite State Machine(s).
Unit <Bomba> synthesized.

=========================================================================
HDL Synthesis Report

Macro Statistics
# RAMs                                                 : 1
 4x33-bit single-port Read Only RAM                    : 1
# Adders/Subtractors                                   : 1
 19-bit adder                                          : 1
# Registers                                            : 2
 1-bit register                                        : 1
 19-bit register                                       : 1
# Multiplexers                                         : 3
 2-bit 2-to-1 multiplexer                              : 1
 2-bit 4-to-1 multiplexer                              : 1
 8-bit 4-to-1 multiplexer                              : 1
# FSMs                                                 : 1

=========================================================================

=========================================================================
*                       Advanced HDL Synthesis                          *
=========================================================================


Synthesizing (advanced) Unit <Bomba>.
The following registers are absorbed into counter <cntM>: 1 register on signal <cntM>.
INFO:Xst:3218 - HDL ADVISOR - The RAM <Mram__n0105> will be implemented on LUTs either because you have described an asynchronous read or because of currently unsupported block RAM features. If you have described an asynchronous read, making it synchronous would allow you to take advantage of available block RAM resources, for optimized device usage and improved timings. Please refer to your documentation for coding guidelines.
    -----------------------------------------------------------------------
    | ram_type           | Distributed                         |          |
    -----------------------------------------------------------------------
    | Port A                                                              |
    |     aspect ratio   | 4-word x 33-bit                     |          |
    |     weA            | connected to signal <GND>           | high     |
    |     addrA          | connected to signal <tEstadoActual> |          |
    |     diA            | connected to signal <GND>           |          |
    |     doA            | connected to signal <salida>        |          |
    -----------------------------------------------------------------------
Unit <Bomba> synthesized (advanced).

=========================================================================
Advanced HDL Synthesis Report

Macro Statistics
# RAMs                                                 : 1
 4x33-bit single-port distributed Read Only RAM        : 1
# Counters                                             : 1
 19-bit up counter                                     : 1
# Registers                                            : 1
 Flip-Flops                                            : 1
# Multiplexers                                         : 3
 2-bit 2-to-1 multiplexer                              : 1
 2-bit 4-to-1 multiplexer                              : 1
 8-bit 4-to-1 multiplexer                              : 1
# FSMs                                                 : 1

=========================================================================

=========================================================================
*                         Low Level Synthesis                           *
=========================================================================
Analyzing FSM <MFsm> for best encoding.
Optimizing FSM <FSM_0> on signal <edoPresente[1:2]> with user encoding.
-------------------
 State | Encoding
-------------------
 d0    | 00
 d1    | 01
 d2    | 10
 d3    | 11
-------------------
WARNING:Xst:2170 - Unit Bomba : the following signal(s) form a combinatorial loop: tEstadoSiguiente<0>, dis0<6>, Mram__n010519, Mram__n01051.
WARNING:Xst:2170 - Unit Bomba : the following signal(s) form a combinatorial loop: dis0<5>, Mram__n01059, Mram__n01052, tEstadoSiguiente<1>.

Optimizing unit <Bomba> ...

Mapping all equations...
Building and optimizing final netlist ...
Found area constraint ratio of 100 (+ 5) on block Bomba, actual ratio is 0.

Final Macro Processing ...

=========================================================================
Final Register Report

Macro Statistics
# Registers                                            : 22
 Flip-Flops                                            : 22

=========================================================================

=========================================================================
*                           Partition Report                            *
=========================================================================

Partition Implementation Status
-------------------------------

  No Partitions were found in this design.

-------------------------------

=========================================================================
*                            Design Summary                             *
=========================================================================

Top Level Output File Name         : Bomba.ngc

Primitive and Black Box Usage:
------------------------------
# BELS                             : 102
#      GND                         : 1
#      INV                         : 3
#      LUT1                        : 18
#      LUT2                        : 5
#      LUT3                        : 1
#      LUT4                        : 5
#      LUT5                        : 22
#      LUT6                        : 9
#      MUXCY                       : 18
#      VCC                         : 1
#      XORCY                       : 19
# FlipFlops/Latches                : 22
#      FD                          : 22
# Clock Buffers                    : 1
#      BUFGP                       : 1
# IO Buffers                       : 21
#      IBUF                        : 4
#      OBUF                        : 17

Device utilization summary:
---------------------------

Selected Device : 6slx16csg324-3 


Slice Logic Utilization: 
 Number of Slice Registers:              22  out of  18224     0%  
 Number of Slice LUTs:                   63  out of   9112     0%  
    Number used as Logic:                63  out of   9112     0%  

Slice Logic Distribution: 
 Number of LUT Flip Flop pairs used:     63
   Number with an unused Flip Flop:      41  out of     63    65%  
   Number with an unused LUT:             0  out of     63     0%  
   Number of fully used LUT-FF pairs:    22  out of     63    34%  
   Number of unique control sets:         2

IO Utilization: 
 Number of IOs:                          22
 Number of bonded IOBs:                  22  out of    232     9%  

Specific Feature Utilization:
 Number of BUFG/BUFGCTRLs:                1  out of     16     6%  

---------------------------
Partition Resource Summary:
---------------------------

  No Partitions were found in this design.

---------------------------


=========================================================================
Timing Report

NOTE: THESE TIMING NUMBERS ARE ONLY A SYNTHESIS ESTIMATE.
      FOR ACCURATE TIMING INFORMATION PLEASE REFER TO THE TRACE REPORT
      GENERATED AFTER PLACE-and-ROUTE.

Clock Information:
------------------
-----------------------------------+---------------------------+-------+
Clock Signal                       | Clock buffer(FF name)     | Load  |
-----------------------------------+---------------------------+-------+
ledM_OBUF                          | NONE(edoPresente_FSM_FFd2)| 2     |
clk                                | BUFGP                     | 20    |
-----------------------------------+---------------------------+-------+
INFO:Xst:2169 - HDL ADVISOR - Some clock signals were not automatically buffered by XST with BUFG/BUFR resources. Please use the buffer_type constraint in order to insert these buffers to the clock signals to help prevent skew problems.

Asynchronous Control Signals Information:
----------------------------------------
No asynchronous control signals found in this design

Timing Summary:
---------------
Speed Grade: -3

   Minimum period: 4.065ns (Maximum Frequency: 246.018MHz)
   Minimum input arrival time before clock: No path found
   Maximum output required time after clock: 5.102ns
   Maximum combinational path delay: 8.495ns

Timing Details:
---------------
All values displayed in nanoseconds (ns)

=========================================================================
Timing constraint: Default period analysis for Clock 'ledM_OBUF'
  Clock period: 2.291ns (frequency: 436.500MHz)
  Total number of paths / destination ports: 3 / 2
-------------------------------------------------------------------------
Delay:               2.291ns (Levels of Logic = 1)
  Source:            edoPresente_FSM_FFd2 (FF)
  Destination:       edoPresente_FSM_FFd2 (FF)
  Source Clock:      ledM_OBUF rising
  Destination Clock: ledM_OBUF rising

  Data Path: edoPresente_FSM_FFd2 to edoPresente_FSM_FFd2
                                Gate     Net
    Cell:in->out      fanout   Delay   Delay  Logical Name (Net Name)
    ----------------------------------------  ------------
     FD:C->Q              14   0.447   0.957  edoPresente_FSM_FFd2 (edoPresente_FSM_FFd2)
     INV:I->O              1   0.206   0.579  edoPresente_FSM_FFd2-In1_INV_0 (edoPresente_FSM_FFd2-In)
     FD:D                      0.102          edoPresente_FSM_FFd2
    ----------------------------------------
    Total                      2.291ns (0.755ns logic, 1.536ns route)
                                       (33.0% logic, 67.0% route)

=========================================================================
Timing constraint: Default period analysis for Clock 'clk'
  Clock period: 4.065ns (frequency: 246.018MHz)
  Total number of paths / destination ports: 590 / 20
-------------------------------------------------------------------------
Delay:               4.065ns (Levels of Logic = 3)
  Source:            cntM_13 (FF)
  Destination:       ledM (FF)
  Source Clock:      clk rising
  Destination Clock: clk rising

  Data Path: cntM_13 to ledM
                                Gate     Net
    Cell:in->out      fanout   Delay   Delay  Logical Name (Net Name)
    ----------------------------------------  ------------
     FD:C->Q               2   0.447   0.981  cntM_13 (cntM_13)
     LUT6:I0->O           21   0.203   1.342  GND_5_o_GND_5_o_equal_4_o<0>2 (GND_5_o_GND_5_o_equal_1_o<0>1)
     LUT4:I1->O            1   0.205   0.580  GND_5_o_GND_5_o_equal_4_o<0>4 (GND_5_o_GND_5_o_equal_4_o)
     LUT6:I5->O            1   0.205   0.000  ledM_rstpot (ledM_rstpot)
     FD:D                      0.102          ledM
    ----------------------------------------
    Total                      4.065ns (1.162ns logic, 2.903ns route)
                                       (28.6% logic, 71.4% route)

=========================================================================
Timing constraint: Default OFFSET OUT AFTER for Clock 'ledM_OBUF'
  Total number of paths / destination ports: 24 / 13
-------------------------------------------------------------------------
Offset:              5.102ns (Levels of Logic = 2)
  Source:            edoPresente_FSM_FFd2 (FF)
  Destination:       dis0<1> (PAD)
  Source Clock:      ledM_OBUF rising

  Data Path: edoPresente_FSM_FFd2 to dis0<1>
                                Gate     Net
    Cell:in->out      fanout   Delay   Delay  Logical Name (Net Name)
    ----------------------------------------  ------------
     FD:C->Q              14   0.447   1.302  edoPresente_FSM_FFd2 (edoPresente_FSM_FFd2)
     LUT6:I1->O            1   0.203   0.579  Mmux_dis02 (dis0_1_OBUF)
     OBUF:I->O                 2.571          dis0_1_OBUF (dis0<1>)
    ----------------------------------------
    Total                      5.102ns (3.221ns logic, 1.881ns route)
                                       (63.1% logic, 36.9% route)

=========================================================================
Timing constraint: Default OFFSET OUT AFTER for Clock 'clk'
  Total number of paths / destination ports: 1 / 1
-------------------------------------------------------------------------
Offset:              3.701ns (Levels of Logic = 1)
  Source:            ledM (FF)
  Destination:       ledM (PAD)
  Source Clock:      clk rising

  Data Path: ledM to ledM
                                Gate     Net
    Cell:in->out      fanout   Delay   Delay  Logical Name (Net Name)
    ----------------------------------------  ------------
     FD:C->Q               4   0.447   0.683  ledM (ledM_OBUF)
     OBUF:I->O                 2.571          ledM_OBUF (ledM)
    ----------------------------------------
    Total                      3.701ns (3.018ns logic, 0.683ns route)
                                       (81.6% logic, 18.4% route)

=========================================================================
Timing constraint: Default path analysis
  Total number of paths / destination ports: 112 / 9
-------------------------------------------------------------------------
Delay:               8.495ns (Levels of Logic = 5)
  Source:            sResetH (PAD)
  Destination:       dis0<1> (PAD)

  Data Path: sResetH to dis0<1>
                                Gate     Net
    Cell:in->out      fanout   Delay   Delay  Logical Name (Net Name)
    ----------------------------------------  ------------
     IBUF:I->O             7   1.222   1.138  sResetH_IBUF (sResetH_IBUF)
     LUT6:I0->O           12   0.203   1.156  Mmux_tEstadoActual21 (Mram__n01059)
     LUT6:I2->O           10   0.203   1.221  Mmux_tEstadoActual121 (Mram__n010519)
     LUT6:I0->O            1   0.203   0.579  Mmux_dis02 (dis0_1_OBUF)
     OBUF:I->O                 2.571          dis0_1_OBUF (dis0<1>)
    ----------------------------------------
    Total                      8.495ns (4.402ns logic, 4.093ns route)
                                       (51.8% logic, 48.2% route)

=========================================================================

Cross Clock Domains Report:
--------------------------

Clock to Setup on destination clock clk
---------------+---------+---------+---------+---------+
               | Src:Rise| Src:Fall| Src:Rise| Src:Fall|
Source Clock   |Dest:Rise|Dest:Rise|Dest:Fall|Dest:Fall|
---------------+---------+---------+---------+---------+
clk            |    4.065|         |         |         |
---------------+---------+---------+---------+---------+

Clock to Setup on destination clock ledM_OBUF
---------------+---------+---------+---------+---------+
               | Src:Rise| Src:Fall| Src:Rise| Src:Fall|
Source Clock   |Dest:Rise|Dest:Rise|Dest:Fall|Dest:Fall|
---------------+---------+---------+---------+---------+
ledM_OBUF      |    2.291|         |         |         |
---------------+---------+---------+---------+---------+

=========================================================================


Total REAL time to Xst completion: 3.00 secs
Total CPU time to Xst completion: 3.48 secs
 
--> 

Total memory usage is 296352 kilobytes

Number of errors   :    0 (   0 filtered)
Number of warnings :    2 (   0 filtered)
Number of infos    :    2 (   0 filtered)

