Release 14.7 - xst P.20131013 (nt64)
Copyright (c) 1995-2013 Xilinx, Inc.  All rights reserved.
--> Parameter TMPDIR set to xst/projnav.tmp


Total REAL time to Xst completion: 0.00 secs
Total CPU time to Xst completion: 0.06 secs
 
--> Parameter xsthdpdir set to xst


Total REAL time to Xst completion: 0.00 secs
Total CPU time to Xst completion: 0.06 secs
 
--> Reading design: Contador.prj

TABLE OF CONTENTS
  1) Synthesis Options Summary
  2) HDL Parsing
  3) HDL Elaboration
  4) HDL Synthesis
       4.1) HDL Synthesis Report
  5) Advanced HDL Synthesis
       5.1) Advanced HDL Synthesis Report
  6) Low Level Synthesis
  7) Partition Report
  8) Design Summary
       8.1) Primitive and Black Box Usage
       8.2) Device utilization summary
       8.3) Partition Resource Summary
       8.4) Timing Report
            8.4.1) Clock Information
            8.4.2) Asynchronous Control Signals Information
            8.4.3) Timing Summary
            8.4.4) Timing Details
            8.4.5) Cross Clock Domains Report


=========================================================================
*                      Synthesis Options Summary                        *
=========================================================================
---- Source Parameters
Input File Name                    : "Contador.prj"
Ignore Synthesis Constraint File   : NO

---- Target Parameters
Output File Name                   : "Contador"
Output Format                      : NGC
Target Device                      : xc6slx16-3-csg324

---- Source Options
Top Module Name                    : Contador
Automatic FSM Extraction           : YES
FSM Encoding Algorithm             : Auto
Safe Implementation                : No
FSM Style                          : LUT
RAM Extraction                     : Yes
RAM Style                          : Auto
ROM Extraction                     : Yes
Shift Register Extraction          : YES
ROM Style                          : Auto
Resource Sharing                   : YES
Asynchronous To Synchronous        : NO
Shift Register Minimum Size        : 2
Use DSP Block                      : Auto
Automatic Register Balancing       : No

---- Target Options
LUT Combining                      : Auto
Reduce Control Sets                : Auto
Add IO Buffers                     : YES
Global Maximum Fanout              : 100000
Add Generic Clock Buffer(BUFG)     : 16
Register Duplication               : YES
Optimize Instantiated Primitives   : NO
Use Clock Enable                   : Auto
Use Synchronous Set                : Auto
Use Synchronous Reset              : Auto
Pack IO Registers into IOBs        : Auto
Equivalent register Removal        : YES

---- General Options
Optimization Goal                  : Speed
Optimization Effort                : 1
Power Reduction                    : NO
Keep Hierarchy                     : No
Netlist Hierarchy                  : As_Optimized
RTL Output                         : Yes
Global Optimization                : AllClockNets
Read Cores                         : YES
Write Timing Constraints           : NO
Cross Clock Analysis               : NO
Hierarchy Separator                : /
Bus Delimiter                      : <>
Case Specifier                     : Maintain
Slice Utilization Ratio            : 100
BRAM Utilization Ratio             : 100
DSP48 Utilization Ratio            : 100
Auto BRAM Packing                  : NO
Slice Utilization Ratio Delta      : 5

=========================================================================


=========================================================================
*                          HDL Parsing                                  *
=========================================================================
Parsing VHDL file "C:\Users\Anselmo-PC\Documents\Vhdl\ContHex\Contador.vhd" into library work
Parsing entity <Contador>.
Parsing architecture <Arq_Contador> of entity <contador>.

=========================================================================
*                            HDL Elaboration                            *
=========================================================================

Elaborating entity <Contador> (architecture <Arq_Contador>) from library <work>.

=========================================================================
*                           HDL Synthesis                               *
=========================================================================

Synthesizing Unit <Contador>.
    Related source file is "C:\Users\Anselmo-PC\Documents\Vhdl\ContHex\Contador.vhd".
    Found 26-bit register for signal <cnt>.
    Found 4-bit register for signal <a>.
    Found 1-bit register for signal <ledSal>.
    Found 26-bit adder for signal <cnt[0]_GND_5_o_add_4_OUT> created at line 48.
    Found 4-bit adder for signal <a[3]_GND_5_o_add_8_OUT> created at line 57.
    Found 16x8-bit Read Only RAM for signal <y>
    Found 4-bit comparator greater for signal <a[3]_PWR_5_o_LessThan_8_o> created at line 56
    Found 4-bit comparator greater for signal <a[3]_GND_5_o_LessThan_12_o> created at line 65
    Found 4-bit comparator greater for signal <a[3]_PWR_5_o_LessThan_13_o> created at line 67
    Found 4-bit comparator greater for signal <a[3]_PWR_5_o_LessThan_14_o> created at line 69
    Summary:
	inferred   1 RAM(s).
	inferred   2 Adder/Subtractor(s).
	inferred  31 D-type flip-flop(s).
	inferred   4 Comparator(s).
	inferred   2 Multiplexer(s).
Unit <Contador> synthesized.

=========================================================================
HDL Synthesis Report

Macro Statistics
# RAMs                                                 : 1
 16x8-bit single-port Read Only RAM                    : 1
# Adders/Subtractors                                   : 2
 26-bit adder                                          : 1
 4-bit adder                                           : 1
# Registers                                            : 3
 1-bit register                                        : 1
 26-bit register                                       : 1
 4-bit register                                        : 1
# Comparators                                          : 4
 4-bit comparator greater                              : 4
# Multiplexers                                         : 2
 4-bit 2-to-1 multiplexer                              : 2

=========================================================================

=========================================================================
*                       Advanced HDL Synthesis                          *
=========================================================================


Synthesizing (advanced) Unit <Contador>.
The following registers are absorbed into counter <a>: 1 register on signal <a>.
The following registers are absorbed into counter <cnt>: 1 register on signal <cnt>.
INFO:Xst:3218 - HDL ADVISOR - The RAM <Mram_y> will be implemented on LUTs either because you have described an asynchronous read or because of currently unsupported block RAM features. If you have described an asynchronous read, making it synchronous would allow you to take advantage of available block RAM resources, for optimized device usage and improved timings. Please refer to your documentation for coding guidelines.
    -----------------------------------------------------------------------
    | ram_type           | Distributed                         |          |
    -----------------------------------------------------------------------
    | Port A                                                              |
    |     aspect ratio   | 16-word x 8-bit                     |          |
    |     weA            | connected to signal <GND>           | high     |
    |     addrA          | connected to signal <a>             |          |
    |     diA            | connected to signal <GND>           |          |
    |     doA            | connected to signal <y>             |          |
    -----------------------------------------------------------------------
Unit <Contador> synthesized (advanced).

=========================================================================
Advanced HDL Synthesis Report

Macro Statistics
# RAMs                                                 : 1
 16x8-bit single-port distributed Read Only RAM        : 1
# Counters                                             : 2
 26-bit up counter                                     : 1
 4-bit up counter                                      : 1
# Registers                                            : 1
 Flip-Flops                                            : 1
# Comparators                                          : 4
 4-bit comparator greater                              : 4
# Multiplexers                                         : 2
 4-bit 2-to-1 multiplexer                              : 2

=========================================================================

=========================================================================
*                         Low Level Synthesis                           *
=========================================================================

Optimizing unit <Contador> ...

Mapping all equations...
Building and optimizing final netlist ...
Found area constraint ratio of 100 (+ 5) on block Contador, actual ratio is 0.

Final Macro Processing ...

=========================================================================
Final Register Report

Macro Statistics
# Registers                                            : 31
 Flip-Flops                                            : 31

=========================================================================

=========================================================================
*                           Partition Report                            *
=========================================================================

Partition Implementation Status
-------------------------------

  No Partitions were found in this design.

-------------------------------

=========================================================================
*                            Design Summary                             *
=========================================================================

Top Level Output File Name         : Contador.ngc

Primitive and Black Box Usage:
------------------------------
# BELS                             : 105
#      GND                         : 1
#      INV                         : 2
#      LUT1                        : 25
#      LUT2                        : 4
#      LUT3                        : 4
#      LUT4                        : 9
#      LUT6                        : 8
#      MUXCY                       : 25
#      VCC                         : 1
#      XORCY                       : 26
# FlipFlops/Latches                : 31
#      FD                          : 1
#      FDE                         : 26
#      FDR                         : 4
# Clock Buffers                    : 1
#      BUFGP                       : 1
# IO Buffers                       : 13
#      OBUF                        : 13

Device utilization summary:
---------------------------

Selected Device : 6slx16csg324-3 


Slice Logic Utilization: 
 Number of Slice Registers:              31  out of  18224     0%  
 Number of Slice LUTs:                   52  out of   9112     0%  
    Number used as Logic:                52  out of   9112     0%  

Slice Logic Distribution: 
 Number of LUT Flip Flop pairs used:     52
   Number with an unused Flip Flop:      21  out of     52    40%  
   Number with an unused LUT:             0  out of     52     0%  
   Number of fully used LUT-FF pairs:    31  out of     52    59%  
   Number of unique control sets:         3

IO Utilization: 
 Number of IOs:                          14
 Number of bonded IOBs:                  14  out of    232     6%  

Specific Feature Utilization:
 Number of BUFG/BUFGCTRLs:                1  out of     16     6%  

---------------------------
Partition Resource Summary:
---------------------------

  No Partitions were found in this design.

---------------------------


=========================================================================
Timing Report

NOTE: THESE TIMING NUMBERS ARE ONLY A SYNTHESIS ESTIMATE.
      FOR ACCURATE TIMING INFORMATION PLEASE REFER TO THE TRACE REPORT
      GENERATED AFTER PLACE-and-ROUTE.

Clock Information:
------------------
-----------------------------------+------------------------+-------+
Clock Signal                       | Clock buffer(FF name)  | Load  |
-----------------------------------+------------------------+-------+
clk                                | BUFGP                  | 27    |
ledSal_OBUF                        | NONE(a_0)              | 4     |
-----------------------------------+------------------------+-------+
INFO:Xst:2169 - HDL ADVISOR - Some clock signals were not automatically buffered by XST with BUFG/BUFR resources. Please use the buffer_type constraint in order to insert these buffers to the clock signals to help prevent skew problems.

Asynchronous Control Signals Information:
----------------------------------------
No asynchronous control signals found in this design

Timing Summary:
---------------
Speed Grade: -3

   Minimum period: 3.585ns (Maximum Frequency: 278.913MHz)
   Minimum input arrival time before clock: No path found
   Maximum output required time after clock: 5.005ns
   Maximum combinational path delay: No path found

Timing Details:
---------------
All values displayed in nanoseconds (ns)

=========================================================================
Timing constraint: Default period analysis for Clock 'clk'
  Clock period: 3.585ns (frequency: 278.913MHz)
  Total number of paths / destination ports: 404 / 27
-------------------------------------------------------------------------
Delay:               3.585ns (Levels of Logic = 3)
  Source:            cnt_24 (FF)
  Destination:       ledSal (FF)
  Source Clock:      clk rising
  Destination Clock: clk rising

  Data Path: cnt_24 to ledSal
                                Gate     Net
    Cell:in->out      fanout   Delay   Delay  Logical Name (Net Name)
    ----------------------------------------  ------------
     FDE:C->Q              2   0.447   0.981  cnt_24 (cnt_24)
     LUT6:I0->O            2   0.203   0.864  GND_5_o_GND_5_o_equal_1_o<0>12 (GND_5_o_GND_5_o_equal_1_o<0>12)
     LUT6:I2->O            1   0.203   0.580  GND_5_o_GND_5_o_equal_4_o<0> (GND_5_o_GND_5_o_equal_4_o)
     LUT6:I5->O            1   0.205   0.000  ledSal_rstpot (ledSal_rstpot)
     FD:D                      0.102          ledSal
    ----------------------------------------
    Total                      3.585ns (1.160ns logic, 2.425ns route)
                                       (32.4% logic, 67.6% route)

=========================================================================
Timing constraint: Default period analysis for Clock 'ledSal_OBUF'
  Clock period: 2.926ns (frequency: 341.763MHz)
  Total number of paths / destination ports: 26 / 8
-------------------------------------------------------------------------
Delay:               2.926ns (Levels of Logic = 1)
  Source:            a_3 (FF)
  Destination:       a_0 (FF)
  Source Clock:      ledSal_OBUF rising
  Destination Clock: ledSal_OBUF rising

  Data Path: a_3 to a_0
                                Gate     Net
    Cell:in->out      fanout   Delay   Delay  Logical Name (Net Name)
    ----------------------------------------  ------------
     FDR:C->Q             13   0.447   1.161  a_3 (a_3)
     LUT4:I1->O            4   0.205   0.683  a[3]_PWR_5_o_LessThan_8_o_inv11 (a[3]_PWR_5_o_LessThan_8_o_inv)
     FDR:R                     0.430          a_0
    ----------------------------------------
    Total                      2.926ns (1.082ns logic, 1.844ns route)
                                       (37.0% logic, 63.0% route)

=========================================================================
Timing constraint: Default OFFSET OUT AFTER for Clock 'ledSal_OBUF'
  Total number of paths / destination ports: 39 / 11
-------------------------------------------------------------------------
Offset:              5.005ns (Levels of Logic = 2)
  Source:            a_1 (FF)
  Destination:       y<6> (PAD)
  Source Clock:      ledSal_OBUF rising

  Data Path: a_1 to y<6>
                                Gate     Net
    Cell:in->out      fanout   Delay   Delay  Logical Name (Net Name)
    ----------------------------------------  ------------
     FDR:C->Q             14   0.447   1.205  a_1 (a_1)
     LUT4:I0->O            1   0.203   0.579  Mram_y61 (y_6_OBUF)
     OBUF:I->O                 2.571          y_6_OBUF (y<6>)
    ----------------------------------------
    Total                      5.005ns (3.221ns logic, 1.784ns route)
                                       (64.4% logic, 35.6% route)

=========================================================================
Timing constraint: Default OFFSET OUT AFTER for Clock 'clk'
  Total number of paths / destination ports: 1 / 1
-------------------------------------------------------------------------
Offset:              3.762ns (Levels of Logic = 1)
  Source:            ledSal (FF)
  Destination:       ledSal (PAD)
  Source Clock:      clk rising

  Data Path: ledSal to ledSal
                                Gate     Net
    Cell:in->out      fanout   Delay   Delay  Logical Name (Net Name)
    ----------------------------------------  ------------
     FD:C->Q               6   0.447   0.744  ledSal (ledSal_OBUF)
     OBUF:I->O                 2.571          ledSal_OBUF (ledSal)
    ----------------------------------------
    Total                      3.762ns (3.018ns logic, 0.744ns route)
                                       (80.2% logic, 19.8% route)

=========================================================================

Cross Clock Domains Report:
--------------------------

Clock to Setup on destination clock clk
---------------+---------+---------+---------+---------+
               | Src:Rise| Src:Fall| Src:Rise| Src:Fall|
Source Clock   |Dest:Rise|Dest:Rise|Dest:Fall|Dest:Fall|
---------------+---------+---------+---------+---------+
clk            |    3.585|         |         |         |
---------------+---------+---------+---------+---------+

Clock to Setup on destination clock ledSal_OBUF
---------------+---------+---------+---------+---------+
               | Src:Rise| Src:Fall| Src:Rise| Src:Fall|
Source Clock   |Dest:Rise|Dest:Rise|Dest:Fall|Dest:Fall|
---------------+---------+---------+---------+---------+
ledSal_OBUF    |    2.926|         |         |         |
---------------+---------+---------+---------+---------+

=========================================================================


Total REAL time to Xst completion: 4.00 secs
Total CPU time to Xst completion: 3.25 secs
 
--> 

Total memory usage is 296876 kilobytes

Number of errors   :    0 (   0 filtered)
Number of warnings :    0 (   0 filtered)
Number of infos    :    2 (   0 filtered)

