Release 14.7 - xst P.20131013 (nt64)
Copyright (c) 1995-2013 Xilinx, Inc.  All rights reserved.
--> Parameter TMPDIR set to xst/projnav.tmp


Total REAL time to Xst completion: 0.00 secs
Total CPU time to Xst completion: 0.06 secs
 
--> Parameter xsthdpdir set to xst


Total REAL time to Xst completion: 0.00 secs
Total CPU time to Xst completion: 0.06 secs
 
--> Reading design: Maquinas.prj

TABLE OF CONTENTS
  1) Synthesis Options Summary
  2) HDL Parsing
  3) HDL Elaboration
  4) HDL Synthesis
       4.1) HDL Synthesis Report
  5) Advanced HDL Synthesis
       5.1) Advanced HDL Synthesis Report
  6) Low Level Synthesis
  7) Partition Report
  8) Design Summary
       8.1) Primitive and Black Box Usage
       8.2) Device utilization summary
       8.3) Partition Resource Summary
       8.4) Timing Report
            8.4.1) Clock Information
            8.4.2) Asynchronous Control Signals Information
            8.4.3) Timing Summary
            8.4.4) Timing Details
            8.4.5) Cross Clock Domains Report


=========================================================================
*                      Synthesis Options Summary                        *
=========================================================================
---- Source Parameters
Input File Name                    : "Maquinas.prj"
Ignore Synthesis Constraint File   : NO

---- Target Parameters
Output File Name                   : "Maquinas"
Output Format                      : NGC
Target Device                      : xc6slx16-3-csg324

---- Source Options
Top Module Name                    : Maquinas
Automatic FSM Extraction           : YES
FSM Encoding Algorithm             : Auto
Safe Implementation                : No
FSM Style                          : LUT
RAM Extraction                     : Yes
RAM Style                          : Auto
ROM Extraction                     : Yes
Shift Register Extraction          : YES
ROM Style                          : Auto
Resource Sharing                   : YES
Asynchronous To Synchronous        : NO
Shift Register Minimum Size        : 2
Use DSP Block                      : Auto
Automatic Register Balancing       : No

---- Target Options
LUT Combining                      : Auto
Reduce Control Sets                : Auto
Add IO Buffers                     : YES
Global Maximum Fanout              : 100000
Add Generic Clock Buffer(BUFG)     : 16
Register Duplication               : YES
Optimize Instantiated Primitives   : NO
Use Clock Enable                   : Auto
Use Synchronous Set                : Auto
Use Synchronous Reset              : Auto
Pack IO Registers into IOBs        : Auto
Equivalent register Removal        : YES

---- General Options
Optimization Goal                  : Speed
Optimization Effort                : 1
Power Reduction                    : NO
Keep Hierarchy                     : No
Netlist Hierarchy                  : As_Optimized
RTL Output                         : Yes
Global Optimization                : AllClockNets
Read Cores                         : YES
Write Timing Constraints           : NO
Cross Clock Analysis               : NO
Hierarchy Separator                : /
Bus Delimiter                      : <>
Case Specifier                     : Maintain
Slice Utilization Ratio            : 100
BRAM Utilization Ratio             : 100
DSP48 Utilization Ratio            : 100
Auto BRAM Packing                  : NO
Slice Utilization Ratio Delta      : 5

=========================================================================


=========================================================================
*                          HDL Parsing                                  *
=========================================================================
Parsing VHDL file "C:\Users\Anselmo-PC\Documents\Vhdl\EstadosMM\Maquinas.vhd" into library work
Parsing entity <Maquinas>.
Parsing architecture <MaquinasArq> of entity <maquinas>.

=========================================================================
*                            HDL Elaboration                            *
=========================================================================

Elaborating entity <Maquinas> (architecture <MaquinasArq>) from library <work>.

=========================================================================
*                           HDL Synthesis                               *
=========================================================================

Synthesizing Unit <Maquinas>.
    Related source file is "C:\Users\Anselmo-PC\Documents\Vhdl\EstadosMM\Maquinas.vhd".
    Found 3-bit register for signal <tEstadoActual>.
    Found 26-bit register for signal <cnt>.
    Found 1-bit register for signal <led>.
    Found finite state machine <FSM_0> for signal <tEstadoActual>.
    -----------------------------------------------------------------------
    | States             | 5                                              |
    | Transitions        | 10                                             |
    | Inputs             | 1                                              |
    | Outputs            | 1                                              |
    | Clock              | led (rising_edge)                              |
    | Reset              | sResetH (positive)                             |
    | Reset type         | asynchronous                                   |
    | Reset State        | e0                                             |
    | Power Up State     | e0                                             |
    | Encoding           | auto                                           |
    | Implementation     | LUT                                            |
    -----------------------------------------------------------------------
    Found 26-bit adder for signal <cnt[0]_GND_5_o_add_4_OUT> created at line 37.
    Summary:
	inferred   1 Adder/Subtractor(s).
	inferred  27 D-type flip-flop(s).
	inferred   1 Finite State Machine(s).
Unit <Maquinas> synthesized.

=========================================================================
HDL Synthesis Report

Macro Statistics
# Adders/Subtractors                                   : 1
 26-bit adder                                          : 1
# Registers                                            : 2
 1-bit register                                        : 1
 26-bit register                                       : 1
# FSMs                                                 : 1

=========================================================================

=========================================================================
*                       Advanced HDL Synthesis                          *
=========================================================================


Synthesizing (advanced) Unit <Maquinas>.
The following registers are absorbed into counter <cnt>: 1 register on signal <cnt>.
Unit <Maquinas> synthesized (advanced).

=========================================================================
Advanced HDL Synthesis Report

Macro Statistics
# Counters                                             : 1
 26-bit up counter                                     : 1
# Registers                                            : 1
 Flip-Flops                                            : 1
# FSMs                                                 : 1

=========================================================================

=========================================================================
*                         Low Level Synthesis                           *
=========================================================================
Analyzing FSM <MFsm> for best encoding.
Optimizing FSM <FSM_0> on signal <tEstadoActual[1:3]> with sequential encoding.
-------------------
 State | Encoding
-------------------
 e0    | 000
 e1    | 010
 e2    | 011
 e3    | 100
 e4    | 001
-------------------

Optimizing unit <Maquinas> ...

Mapping all equations...
Building and optimizing final netlist ...
Found area constraint ratio of 100 (+ 5) on block Maquinas, actual ratio is 0.

Final Macro Processing ...

=========================================================================
Final Register Report

Macro Statistics
# Registers                                            : 30
 Flip-Flops                                            : 30

=========================================================================

=========================================================================
*                           Partition Report                            *
=========================================================================

Partition Implementation Status
-------------------------------

  No Partitions were found in this design.

-------------------------------

=========================================================================
*                            Design Summary                             *
=========================================================================

Top Level Output File Name         : Maquinas.ngc

Primitive and Black Box Usage:
------------------------------
# BELS                             : 121
#      GND                         : 1
#      INV                         : 1
#      LUT1                        : 25
#      LUT2                        : 29
#      LUT3                        : 2
#      LUT4                        : 2
#      LUT6                        : 9
#      MUXCY                       : 25
#      VCC                         : 1
#      XORCY                       : 26
# FlipFlops/Latches                : 30
#      FD                          : 27
#      FDC                         : 3
# Clock Buffers                    : 1
#      BUFGP                       : 1
# IO Buffers                       : 5
#      IBUF                        : 2
#      OBUF                        : 3

Device utilization summary:
---------------------------

Selected Device : 6slx16csg324-3 


Slice Logic Utilization: 
 Number of Slice Registers:              30  out of  18224     0%  
 Number of Slice LUTs:                   68  out of   9112     0%  
    Number used as Logic:                68  out of   9112     0%  

Slice Logic Distribution: 
 Number of LUT Flip Flop pairs used:     68
   Number with an unused Flip Flop:      38  out of     68    55%  
   Number with an unused LUT:             0  out of     68     0%  
   Number of fully used LUT-FF pairs:    30  out of     68    44%  
   Number of unique control sets:         2

IO Utilization: 
 Number of IOs:                           6
 Number of bonded IOBs:                   6  out of    232     2%  

Specific Feature Utilization:
 Number of BUFG/BUFGCTRLs:                1  out of     16     6%  

---------------------------
Partition Resource Summary:
---------------------------

  No Partitions were found in this design.

---------------------------


=========================================================================
Timing Report

NOTE: THESE TIMING NUMBERS ARE ONLY A SYNTHESIS ESTIMATE.
      FOR ACCURATE TIMING INFORMATION PLEASE REFER TO THE TRACE REPORT
      GENERATED AFTER PLACE-and-ROUTE.

Clock Information:
------------------
-----------------------------------+-----------------------------+-------+
Clock Signal                       | Clock buffer(FF name)       | Load  |
-----------------------------------+-----------------------------+-------+
led_OBUF                           | NONE(tEstadoActual_FSM_FFd1)| 3     |
clk                                | BUFGP                       | 27    |
-----------------------------------+-----------------------------+-------+
INFO:Xst:2169 - HDL ADVISOR - Some clock signals were not automatically buffered by XST with BUFG/BUFR resources. Please use the buffer_type constraint in order to insert these buffers to the clock signals to help prevent skew problems.

Asynchronous Control Signals Information:
----------------------------------------
No asynchronous control signals found in this design

Timing Summary:
---------------
Speed Grade: -3

   Minimum period: 3.998ns (Maximum Frequency: 250.150MHz)
   Minimum input arrival time before clock: 2.458ns
   Maximum output required time after clock: 4.745ns
   Maximum combinational path delay: 5.260ns

Timing Details:
---------------
All values displayed in nanoseconds (ns)

=========================================================================
Timing constraint: Default period analysis for Clock 'led_OBUF'
  Clock period: 1.714ns (frequency: 583.431MHz)
  Total number of paths / destination ports: 8 / 3
-------------------------------------------------------------------------
Delay:               1.714ns (Levels of Logic = 1)
  Source:            tEstadoActual_FSM_FFd3 (FF)
  Destination:       tEstadoActual_FSM_FFd3 (FF)
  Source Clock:      led_OBUF rising
  Destination Clock: led_OBUF rising

  Data Path: tEstadoActual_FSM_FFd3 to tEstadoActual_FSM_FFd3
                                Gate     Net
    Cell:in->out      fanout   Delay   Delay  Logical Name (Net Name)
    ----------------------------------------  ------------
     FDC:C->Q              5   0.447   0.962  tEstadoActual_FSM_FFd3 (tEstadoActual_FSM_FFd3)
     LUT4:I0->O            1   0.203   0.000  tEstadoActual_FSM_FFd3-In1 (tEstadoActual_FSM_FFd3-In)
     FDC:D                     0.102          tEstadoActual_FSM_FFd3
    ----------------------------------------
    Total                      1.714ns (0.752ns logic, 0.962ns route)
                                       (43.9% logic, 56.1% route)

=========================================================================
Timing constraint: Default period analysis for Clock 'clk'
  Clock period: 3.998ns (frequency: 250.150MHz)
  Total number of paths / destination ports: 1080 / 27
-------------------------------------------------------------------------
Delay:               3.998ns (Levels of Logic = 3)
  Source:            cnt_25 (FF)
  Destination:       cnt_25 (FF)
  Source Clock:      clk rising
  Destination Clock: clk rising

  Data Path: cnt_25 to cnt_25
                                Gate     Net
    Cell:in->out      fanout   Delay   Delay  Logical Name (Net Name)
    ----------------------------------------  ------------
     FD:C->Q               2   0.447   0.981  cnt_25 (cnt_25)
     LUT6:I0->O            3   0.203   0.898  GND_5_o_GND_5_o_equal_1_o<0>11 (GND_5_o_GND_5_o_equal_1_o<0>11)
     LUT6:I2->O           14   0.203   0.958  GND_5_o_GND_5_o_equal_4_o<0>3 (GND_5_o_GND_5_o_equal_4_o)
     LUT2:I1->O            1   0.205   0.000  cnt_25_rstpot (cnt_25_rstpot)
     FD:D                      0.102          cnt_25
    ----------------------------------------
    Total                      3.998ns (1.160ns logic, 2.838ns route)
                                       (29.0% logic, 71.0% route)

=========================================================================
Timing constraint: Default OFFSET IN BEFORE for Clock 'led_OBUF'
  Total number of paths / destination ports: 6 / 6
-------------------------------------------------------------------------
Offset:              2.458ns (Levels of Logic = 2)
  Source:            sEntrada (PAD)
  Destination:       tEstadoActual_FSM_FFd2 (FF)
  Destination Clock: led_OBUF rising

  Data Path: sEntrada to tEstadoActual_FSM_FFd2
                                Gate     Net
    Cell:in->out      fanout   Delay   Delay  Logical Name (Net Name)
    ----------------------------------------  ------------
     IBUF:I->O             4   1.222   0.931  sEntrada_IBUF (sEntrada_IBUF)
     LUT4:I0->O            1   0.203   0.000  tEstadoActual_FSM_FFd2-In1 (tEstadoActual_FSM_FFd2-In)
     FDC:D                     0.102          tEstadoActual_FSM_FFd2
    ----------------------------------------
    Total                      2.458ns (1.527ns logic, 0.931ns route)
                                       (62.1% logic, 37.9% route)

=========================================================================
Timing constraint: Default OFFSET OUT AFTER for Clock 'led_OBUF'
  Total number of paths / destination ports: 4 / 2
-------------------------------------------------------------------------
Offset:              4.745ns (Levels of Logic = 2)
  Source:            tEstadoActual_FSM_FFd3 (FF)
  Destination:       sSalida1 (PAD)
  Source Clock:      led_OBUF rising

  Data Path: tEstadoActual_FSM_FFd3 to sSalida1
                                Gate     Net
    Cell:in->out      fanout   Delay   Delay  Logical Name (Net Name)
    ----------------------------------------  ------------
     FDC:C->Q              5   0.447   0.943  tEstadoActual_FSM_FFd3 (tEstadoActual_FSM_FFd3)
     LUT3:I0->O            1   0.205   0.579  sSalida11 (sSalida1_OBUF)
     OBUF:I->O                 2.571          sSalida1_OBUF (sSalida1)
    ----------------------------------------
    Total                      4.745ns (3.223ns logic, 1.522ns route)
                                       (67.9% logic, 32.1% route)

=========================================================================
Timing constraint: Default OFFSET OUT AFTER for Clock 'clk'
  Total number of paths / destination ports: 1 / 1
-------------------------------------------------------------------------
Offset:              3.732ns (Levels of Logic = 1)
  Source:            led (FF)
  Destination:       led (PAD)
  Source Clock:      clk rising

  Data Path: led to led
                                Gate     Net
    Cell:in->out      fanout   Delay   Delay  Logical Name (Net Name)
    ----------------------------------------  ------------
     FD:C->Q               5   0.447   0.714  led (led_OBUF)
     OBUF:I->O                 2.571          led_OBUF (led)
    ----------------------------------------
    Total                      3.732ns (3.018ns logic, 0.714ns route)
                                       (80.9% logic, 19.1% route)

=========================================================================
Timing constraint: Default path analysis
  Total number of paths / destination ports: 1 / 1
-------------------------------------------------------------------------
Delay:               5.260ns (Levels of Logic = 3)
  Source:            sEntrada (PAD)
  Destination:       sSalida1 (PAD)

  Data Path: sEntrada to sSalida1
                                Gate     Net
    Cell:in->out      fanout   Delay   Delay  Logical Name (Net Name)
    ----------------------------------------  ------------
     IBUF:I->O             4   1.222   0.684  sEntrada_IBUF (sEntrada_IBUF)
     LUT3:I2->O            1   0.205   0.579  sSalida11 (sSalida1_OBUF)
     OBUF:I->O                 2.571          sSalida1_OBUF (sSalida1)
    ----------------------------------------
    Total                      5.260ns (3.998ns logic, 1.262ns route)
                                       (76.0% logic, 24.0% route)

=========================================================================

Cross Clock Domains Report:
--------------------------

Clock to Setup on destination clock clk
---------------+---------+---------+---------+---------+
               | Src:Rise| Src:Fall| Src:Rise| Src:Fall|
Source Clock   |Dest:Rise|Dest:Rise|Dest:Fall|Dest:Fall|
---------------+---------+---------+---------+---------+
clk            |    3.998|         |         |         |
---------------+---------+---------+---------+---------+

Clock to Setup on destination clock led_OBUF
---------------+---------+---------+---------+---------+
               | Src:Rise| Src:Fall| Src:Rise| Src:Fall|
Source Clock   |Dest:Rise|Dest:Rise|Dest:Fall|Dest:Fall|
---------------+---------+---------+---------+---------+
led_OBUF       |    1.714|         |         |         |
---------------+---------+---------+---------+---------+

=========================================================================


Total REAL time to Xst completion: 3.00 secs
Total CPU time to Xst completion: 3.21 secs
 
--> 

Total memory usage is 296352 kilobytes

Number of errors   :    0 (   0 filtered)
Number of warnings :    0 (   0 filtered)
Number of infos    :    1 (   0 filtered)

